[2015-11-08 20-27-19] PHP Warning: require(/data/web/virtuals/112410/virtual/app/presenters/templates/Error/500.phtml): failed to open stream: No such file or directory in /data/web/virtuals/112410/virtual/app/presenters/ErrorPresenter.php:35  @  http://www.kalindi.cz/ 
[2015-11-08 20-28-35] PHP Warning: require(/data/web/virtuals/112410/virtual/app/presenters/templates/Error/500.phtml): failed to open stream: No such file or directory in /data/web/virtuals/112410/virtual/app/presenters/ErrorPresenter.php:35  @  http://www.kalindi.cz/ 
[2015-11-08 20-28-40] PHP Warning: require(/data/web/virtuals/112410/virtual/app/presenters/templates/Error/500.phtml): failed to open stream: No such file or directory in /data/web/virtuals/112410/virtual/app/presenters/ErrorPresenter.php:35  @  http://www.kalindi.cz/ 
[2015-11-08 20-29-47] PHP Warning: require(/data/web/virtuals/112410/virtual/app/presenters/templates/Error/500.phtml): failed to open stream: No such file or directory in /data/web/virtuals/112410/virtual/app/presenters/ErrorPresenter.php:35  @  http://www.kalindi.cz/ 
[2015-11-08 20-30-28] PHP Warning: require(/data/web/virtuals/112410/virtual/app/presenters/templates/Error/500.phtml): failed to open stream: No such file or directory in /data/web/virtuals/112410/virtual/app/presenters/ErrorPresenter.php:35  @  http://www.kalindi.cz/ 
[2015-11-08 20-30-43] PHP Warning: require(/data/web/virtuals/112410/virtual/app/presenters/templates/Error/500.phtml): failed to open stream: No such file or directory in /data/web/virtuals/112410/virtual/app/presenters/ErrorPresenter.php:35  @  http://kalindi.cz/ 
[2015-11-08 20-31-35] PHP Warning: require(/data/web/virtuals/112410/virtual/app/presenters/templates/Error/500.phtml): failed to open stream: No such file or directory in /data/web/virtuals/112410/virtual/app/presenters/ErrorPresenter.php:35  @  http://www.kalindi.cz/ 
[2015-11-13 20-54-46] PHP Warning: require(/data/web/virtuals/112410/virtual/app/presenters/templates/Error/500.phtml): failed to open stream: No such file or directory in /data/web/virtuals/112410/virtual/app/presenters/ErrorPresenter.php:35  @  http://www.kalindi.cz/admin1896/preparation/edit-preparation?preparation_id=117&category_id=6 
[2015-11-13 20-54-50] PHP Warning: require(/data/web/virtuals/112410/virtual/app/presenters/templates/Error/500.phtml): failed to open stream: No such file or directory in /data/web/virtuals/112410/virtual/app/presenters/ErrorPresenter.php:35  @  http://www.kalindi.cz/admin1896/preparation/edit-preparation?preparation_id=117&category_id=6 
[2016-01-19 18-49-00] PHP Notice: Trying to get property of non-object in /data/web/virtuals/112410/virtual/app/presenters/OrderPresenter.php:241  @  http://www.kalindi.cz/objednat-obed 
[2016-01-19 18-49-00] PHP Warning: require(/data/web/virtuals/112410/virtual/app/presenters/templates/Error/500.phtml): failed to open stream: No such file or directory in /data/web/virtuals/112410/virtual/app/presenters/ErrorPresenter.php:35  @  http://www.kalindi.cz/objednat-obed 
[2016-01-19 18-49-51] PHP Notice: Trying to get property of non-object in /data/web/virtuals/112410/virtual/app/presenters/OrderPresenter.php:241  @  http://www.kalindi.cz/objednat-obed 
[2016-01-19 18-49-51] PHP Warning: require(/data/web/virtuals/112410/virtual/app/presenters/templates/Error/500.phtml): failed to open stream: No such file or directory in /data/web/virtuals/112410/virtual/app/presenters/ErrorPresenter.php:35  @  http://www.kalindi.cz/objednat-obed 
[2016-01-19 18-50-09] PHP Notice: Trying to get property of non-object in /data/web/virtuals/112410/virtual/app/presenters/OrderPresenter.php:241  @  http://www.kalindi.cz/objednat-obed 
[2016-01-19 18-50-09] PHP Warning: require(/data/web/virtuals/112410/virtual/app/presenters/templates/Error/500.phtml): failed to open stream: No such file or directory in /data/web/virtuals/112410/virtual/app/presenters/ErrorPresenter.php:35  @  http://www.kalindi.cz/objednat-obed 
[2016-01-19 18-57-18] PHP Notice: Trying to get property of non-object in /data/web/virtuals/112410/virtual/app/presenters/OrderPresenter.php:241  @  http://www.kalindi.cz/objednat-obed 
[2016-01-19 18-57-18] PHP Warning: require(/data/web/virtuals/112410/virtual/app/presenters/templates/Error/500.phtml): failed to open stream: No such file or directory in /data/web/virtuals/112410/virtual/app/presenters/ErrorPresenter.php:35  @  http://www.kalindi.cz/objednat-obed 
[2016-01-26 20-35-58] PHP Warning: cal_days_in_month(): invalid date. in /data/web/virtuals/112410/virtual/app/AdminModule/model/Date.php:10  @  http://www.kalindi.cz/admin1896/overview/group-list 
[2016-01-26 20-35-58] PHP Warning: require(/data/web/virtuals/112410/virtual/app/presenters/templates/Error/500.phtml): failed to open stream: No such file or directory in /data/web/virtuals/112410/virtual/app/presenters/ErrorPresenter.php:35  @  http://www.kalindi.cz/admin1896/overview/group-list 
[2016-01-27 06-49-37] PHP Warning: cal_days_in_month(): invalid date. in /data/web/virtuals/112410/virtual/app/AdminModule/model/Date.php:10  @  http://www.kalindi.cz/admin1896/overview/group-list 
[2016-01-27 06-49-37] PHP Warning: require(/data/web/virtuals/112410/virtual/app/presenters/templates/Error/500.phtml): failed to open stream: No such file or directory in /data/web/virtuals/112410/virtual/app/presenters/ErrorPresenter.php:35  @  http://www.kalindi.cz/admin1896/overview/group-list 
[2016-01-27 07-34-39] PHP Warning: cal_days_in_month(): invalid date. in /data/web/virtuals/112410/virtual/app/AdminModule/model/Date.php:10  @  http://www.kalindi.cz/admin1896/overview/group-list 
[2016-01-27 07-34-39] PHP Warning: require(/data/web/virtuals/112410/virtual/app/presenters/templates/Error/500.phtml): failed to open stream: No such file or directory in /data/web/virtuals/112410/virtual/app/presenters/ErrorPresenter.php:35  @  http://www.kalindi.cz/admin1896/overview/group-list 
[2016-02-08 07-49-42] PHP Warning: require(/data/web/virtuals/112410/virtual/app/presenters/templates/Error/500.phtml): failed to open stream: No such file or directory in /data/web/virtuals/112410/virtual/app/presenters/ErrorPresenter.php:35  @  http://www.kalindi.cz/admin1896/order/list?date=2016-02-08&do=changeCartage&order_id=1314&cartage_id= 
[2016-02-16 19-10-59] PHP Warning: require(/data/web/virtuals/112410/virtual/app/presenters/templates/Error/500.phtml): failed to open stream: No such file or directory in /data/web/virtuals/112410/virtual/app/presenters/ErrorPresenter.php:35  @  http://www.kalindi.cz/admin1896/zone/list?zone_id=4&do=removeZone 
[2016-02-16 19-11-03] PHP Warning: require(/data/web/virtuals/112410/virtual/app/presenters/templates/Error/500.phtml): failed to open stream: No such file or directory in /data/web/virtuals/112410/virtual/app/presenters/ErrorPresenter.php:35  @  http://www.kalindi.cz/admin1896/zone/list?zone_id=4&do=removeZone 
[2016-02-16 19-11-09] PHP Warning: require(/data/web/virtuals/112410/virtual/app/presenters/templates/Error/500.phtml): failed to open stream: No such file or directory in /data/web/virtuals/112410/virtual/app/presenters/ErrorPresenter.php:35  @  http://www.kalindi.cz/admin1896/zone/edit-zone?zone_id=4 
[2016-02-16 19-12-02] PHP Warning: require(/data/web/virtuals/112410/virtual/app/presenters/templates/Error/500.phtml): failed to open stream: No such file or directory in /data/web/virtuals/112410/virtual/app/presenters/ErrorPresenter.php:35  @  http://www.kalindi.cz/admin1896/zone/list?zone_id=4&do=removeZone 
[2016-02-16 19-13-14] PHP Warning: require(/data/web/virtuals/112410/virtual/app/presenters/templates/Error/500.phtml): failed to open stream: No such file or directory in /data/web/virtuals/112410/virtual/app/presenters/ErrorPresenter.php:35  @  http://www.kalindi.cz/admin1896/zone/list?zone_id=4&do=removeZone 
[2016-02-16 19-13-25] PHP Warning: require(/data/web/virtuals/112410/virtual/app/presenters/templates/Error/500.phtml): failed to open stream: No such file or directory in /data/web/virtuals/112410/virtual/app/presenters/ErrorPresenter.php:35  @  http://www.kalindi.cz/admin1896/zone/list?zone_id=7&do=removeZone 
[2016-02-17 21-37-52] PHP Warning: require(/data/web/virtuals/112410/virtual/app/presenters/templates/Error/500.phtml): failed to open stream: No such file or directory in /data/web/virtuals/112410/virtual/app/presenters/ErrorPresenter.php:35  @  http://www.kalindi.cz/admin1896/zone/list?zone_id=4&do=removeZone 
[2016-02-23 23-42-32] PHP Warning: require(/data/web/virtuals/112410/virtual/app/presenters/templates/Error/500.phtml): failed to open stream: No such file or directory in /data/web/virtuals/112410/virtual/app/presenters/ErrorPresenter.php:35  @  http://www.kalindi.cz/admin1896/zone/list?zone_id=4&do=removeZone 
[2016-02-28 18-21-24] PHP Warning: require(/data/web/virtuals/112410/virtual/app/presenters/templates/Error/500.phtml): failed to open stream: No such file or directory in /data/web/virtuals/112410/virtual/app/presenters/ErrorPresenter.php:35  @  http://www.kalindi.cz/admin1896/zone/list?zone_id=4&do=removeZone 
[2016-02-29 21-24-40] PHP Warning: require(/data/web/virtuals/112410/virtual/app/presenters/templates/Error/500.phtml): failed to open stream: No such file or directory in /data/web/virtuals/112410/virtual/app/presenters/ErrorPresenter.php:35  @  http://www.kalindi.cz/admin1896/zone/list?zone_id=4&do=removeZone 
[2016-02-29 21-24-51] PHP Warning: require(/data/web/virtuals/112410/virtual/app/presenters/templates/Error/500.phtml): failed to open stream: No such file or directory in /data/web/virtuals/112410/virtual/app/presenters/ErrorPresenter.php:35  @  http://www.kalindi.cz/admin1896/zone/edit-zone?zone_id=4 
[2016-03-01 18-52-29] PHP Warning: require(/data/web/virtuals/112410/virtual/app/presenters/templates/Error/500.phtml): failed to open stream: No such file or directory in /data/web/virtuals/112410/virtual/app/presenters/ErrorPresenter.php:35  @  http://www.kalindi.cz/admin1896/zone/list?zone_id=4&do=removeZone 
[2016-06-08 00-02-41] PHP Notice: Trying to get property of non-object in /data/web/virtuals/112410/virtual/app/presenters/OrderPresenter.php:263  @  http://kalindi.cz/objednat-obed 
[2016-06-20 00-10-26] PHP Notice: Trying to get property of non-object in /data/web/virtuals/112410/virtual/app/presenters/OrderPresenter.php:263  @  http://kalindi.cz/tydeni-menu 
